2020-02-20 01:26:05,832 - INFO - find_phone.py @122 : <module>() - Error parsing command line arguments
2020-02-20 01:28:08,109 - ERROR - find_phone.py @122 : <module>() - Error parsing command line arguments. Please provide an image path
2020-02-20 01:29:09,272 - INFO - find_phone.py @95 : main() - Loading model from file 
2020-02-20 01:30:40,720 - ERROR - find_phone.py @96 : main() - Enter a valid path for trained model file
2020-02-20 01:30:40,721 - INFO - find_phone.py @97 : main() - Loading model from file 
2020-02-20 01:31:28,996 - ERROR - find_phone.py @96 : main() - Enter a valid path for trained model file
2020-02-20 01:31:28,997 - INFO - find_phone.py @97 : main() - Loading model from file 
2020-02-20 01:32:08,316 - INFO - find_phone.py @98 : main() - Loading model from file mask_rcnn_phone_cfg_0010.h5
2020-02-20 01:33:43,577 - INFO - find_phone.py @98 : main() - Loading model from file mask_rcnn_phone_cfg_0010.h5
2020-02-20 01:33:53,795 - INFO - find_phone.py @101 : main() - Finding phone in the image ./images/25.jpg/
2020-02-20 01:34:38,915 - INFO - find_phone.py @98 : main() - Loading model from file mask_rcnn_phone_cfg_0010.h5
2020-02-20 01:56:20,091 - INFO - metrics.py @53 : <module>() - Creating a Mask R-CNN model
2020-02-20 01:56:25,484 - INFO - metrics.py @56 : <module>() - Loading weights
2020-02-20 01:57:31,294 - INFO - metrics.py @53 : <module>() - Creating a Mask R-CNN model
2020-02-20 01:57:53,295 - INFO - metrics.py @56 : <module>() - Loading weights
2020-02-20 02:01:41,615 - INFO - train_phone_finder.py @25 : train_model_from_dataset() - Creating a Mask R-CNN model
2020-02-20 02:01:47,692 - INFO - train_phone_finder.py @28 : train_model_from_dataset() - Loading weights
2020-02-20 02:01:53,213 - INFO - train_phone_finder.py @35 : train_model_from_dataset() - Starting model training...
2020-02-20 02:02:21,569 - INFO - metrics.py @53 : <module>() - Creating a Mask R-CNN model
2020-02-20 02:02:26,926 - INFO - metrics.py @56 : <module>() - Loading weights
2020-02-20 02:03:17,930 - INFO - metrics.py @53 : <module>() - Creating a Mask R-CNN model
2020-02-20 02:03:23,161 - INFO - metrics.py @56 : <module>() - Loading weights
2020-02-20 02:07:08,055 - INFO - train_phone_finder.py @25 : train_model_from_dataset() - Creating a Mask R-CNN model
2020-02-20 02:07:33,453 - INFO - train_phone_finder.py @25 : train_model_from_dataset() - Creating a Mask R-CNN model
